{"/Users/marcusgustafsson/dbwebb-kurser/ramverk2/me/kmom10/ramverk2-app/client/src/App.js": {"path":"/Users/marcusgustafsson/dbwebb-kurser/ramverk2/me/kmom10/ramverk2-app/client/src/App.js","statementMap":{"0":{"start":{"line":22,"column":8},"end":{"line":60,"column":10}}},"fnMap":{"0":{"name":"(anonymous_0)","decl":{"start":{"line":21,"column":4},"end":{"line":21,"column":5}},"loc":{"start":{"line":21,"column":13},"end":{"line":61,"column":5}},"line":21}},"branchMap":{},"s":{"0":1},"f":{"0":1},"b":{},"_coverageSchema":"332fd63041d2c1bcb487cc26dd0d5f7d97098a6c","hash":"3dd81f619b8c757de8e7c4228cd9350e90f29b82"}
,"/Users/marcusgustafsson/dbwebb-kurser/ramverk2/me/kmom10/ramverk2-app/client/src/index.js": {"path":"/Users/marcusgustafsson/dbwebb-kurser/ramverk2/me/kmom10/ramverk2-app/client/src/index.js","statementMap":{"0":{"start":{"line":1,"column":32},"end":{"line":1,"column":123}},"1":{"start":{"line":1,"column":137},"end":{"line":1,"column":153}},"2":{"start":{"line":1,"column":168},"end":{"line":1,"column":198}},"3":{"start":{"line":2,"column":16},"end":{"line":2,"column":36}},"4":{"start":{"line":2,"column":54},"end":{"line":2,"column":87}},"5":{"start":{"line":3,"column":0},"end":{"line":3,"column":28}},"6":{"start":{"line":4,"column":11},"end":{"line":4,"column":27}},"7":{"start":{"line":4,"column":40},"end":{"line":4,"column":68}},"8":{"start":{"line":4,"column":107},"end":{"line":4,"column":161}},"9":{"start":{"line":7,"column":0},"end":{"line":7,"column":181}}},"fnMap":{"0":{"name":"_interopRequireDefault","decl":{"start":{"line":4,"column":78},"end":{"line":4,"column":100}},"loc":{"start":{"line":4,"column":106},"end":{"line":4,"column":162}},"line":4}},"branchMap":{"0":{"loc":{"start":{"line":4,"column":114},"end":{"line":4,"column":160}},"type":"cond-expr","locations":[{"start":{"line":4,"column":138},"end":{"line":4,"column":141}},{"start":{"line":4,"column":144},"end":{"line":4,"column":160}}],"line":4},"1":{"loc":{"start":{"line":4,"column":114},"end":{"line":4,"column":135}},"type":"binary-expr","locations":[{"start":{"line":4,"column":114},"end":{"line":4,"column":117}},{"start":{"line":4,"column":121},"end":{"line":4,"column":135}}],"line":4}},"s":{"0":0,"1":0,"2":0,"3":0,"4":0,"5":0,"6":0,"7":0,"8":0,"9":0},"f":{"0":0},"b":{"0":[0,0],"1":[0,0]}}
,"/Users/marcusgustafsson/dbwebb-kurser/ramverk2/me/kmom10/ramverk2-app/client/src/registerServiceWorker.js": {"path":"/Users/marcusgustafsson/dbwebb-kurser/ramverk2/me/kmom10/ramverk2-app/client/src/registerServiceWorker.js","statementMap":{"0":{"start":{"line":1,"column":13},"end":{"line":1,"column":75}},"1":{"start":{"line":1,"column":75},"end":{"line":21,"column":9}},"2":{"start":{"line":21,"column":9},"end":{"line":104,"column":24}},"3":{"start":{"line":111,"column":20},"end":{"line":113,"column":89}},"4":{"start":{"line":113,"column":111},"end":{"line":119,"column":52}},"5":{"start":{"line":114,"column":26},"end":{"line":114,"column":74}},"6":{"start":{"line":114,"column":94},"end":{"line":117,"column":20}},"7":{"start":{"line":117,"column":12},"end":{"line":117,"column":19}},"8":{"start":{"line":117,"column":20},"end":{"line":119,"column":51}},"9":{"start":{"line":117,"column":73},"end":{"line":117,"column":118}},"10":{"start":{"line":117,"column":119},"end":{"line":119,"column":48}},"11":{"start":{"line":118,"column":16},"end":{"line":118,"column":39}},"12":{"start":{"line":119,"column":16},"end":{"line":119,"column":47}},"13":{"start":{"line":119,"column":86},"end":{"line":126,"column":168}},"14":{"start":{"line":119,"column":148},"end":{"line":126,"column":80}},"15":{"start":{"line":119,"column":209},"end":{"line":119,"column":232}},"16":{"start":{"line":119,"column":233},"end":{"line":126,"column":78}},"17":{"start":{"line":119,"column":273},"end":{"line":126,"column":76}},"18":{"start":{"line":119,"column":318},"end":{"line":126,"column":75}},"19":{"start":{"line":123,"column":24},"end":{"line":123,"column":81}},"20":{"start":{"line":126,"column":24},"end":{"line":126,"column":74}},"21":{"start":{"line":126,"column":99},"end":{"line":126,"column":165}},"22":{"start":{"line":127,"column":4},"end":{"line":130,"column":132}},"23":{"start":{"line":128,"column":8},"end":{"line":130,"column":36}},"24":{"start":{"line":129,"column":12},"end":{"line":129,"column":133}},"25":{"start":{"line":129,"column":64},"end":{"line":129,"column":130}},"26":{"start":{"line":129,"column":102},"end":{"line":129,"column":127}},"27":{"start":{"line":130,"column":12},"end":{"line":130,"column":35}},"28":{"start":{"line":130,"column":52},"end":{"line":130,"column":129}},"29":{"start":{"line":130,"column":156},"end":{"line":130,"column":273}},"30":{"start":{"line":130,"column":191},"end":{"line":130,"column":272}},"31":{"start":{"line":130,"column":243},"end":{"line":130,"column":269}}},"fnMap":{"0":{"name":"register","decl":{"start":{"line":113,"column":99},"end":{"line":113,"column":107}},"loc":{"start":{"line":113,"column":110},"end":{"line":119,"column":53}},"line":113},"1":{"name":"(anonymous_1)","decl":{"start":{"line":117,"column":52},"end":{"line":117,"column":53}},"loc":{"start":{"line":117,"column":58},"end":{"line":119,"column":49}},"line":117},"2":{"name":"registerValidSW","decl":{"start":{"line":119,"column":62},"end":{"line":119,"column":77}},"loc":{"start":{"line":119,"column":85},"end":{"line":126,"column":169}},"line":119},"3":{"name":"(anonymous_3)","decl":{"start":{"line":119,"column":131},"end":{"line":119,"column":132}},"loc":{"start":{"line":119,"column":147},"end":{"line":126,"column":81}},"line":119},"4":{"name":"(anonymous_4)","decl":{"start":{"line":119,"column":177},"end":{"line":119,"column":178}},"loc":{"start":{"line":119,"column":183},"end":{"line":126,"column":79}},"line":119},"5":{"name":"(anonymous_5)","decl":{"start":{"line":119,"column":266},"end":{"line":119,"column":267}},"loc":{"start":{"line":119,"column":272},"end":{"line":126,"column":77}},"line":119},"6":{"name":"(anonymous_6)","decl":{"start":{"line":126,"column":89},"end":{"line":126,"column":90}},"loc":{"start":{"line":126,"column":98},"end":{"line":126,"column":166}},"line":126},"7":{"name":"checkValidServiceWorker","decl":{"start":{"line":126,"column":178},"end":{"line":126,"column":201}},"loc":{"start":{"line":126,"column":209},"end":{"line":130,"column":133}},"line":126},"8":{"name":"(anonymous_8)","decl":{"start":{"line":127,"column":22},"end":{"line":127,"column":23}},"loc":{"start":{"line":127,"column":34},"end":{"line":130,"column":37}},"line":127},"9":{"name":"(anonymous_9)","decl":{"start":{"line":129,"column":47},"end":{"line":129,"column":48}},"loc":{"start":{"line":129,"column":63},"end":{"line":129,"column":131}},"line":129},"10":{"name":"(anonymous_10)","decl":{"start":{"line":129,"column":95},"end":{"line":129,"column":96}},"loc":{"start":{"line":129,"column":101},"end":{"line":129,"column":128}},"line":129},"11":{"name":"(anonymous_11)","decl":{"start":{"line":130,"column":45},"end":{"line":130,"column":46}},"loc":{"start":{"line":130,"column":51},"end":{"line":130,"column":130}},"line":130},"12":{"name":"unregister","decl":{"start":{"line":130,"column":142},"end":{"line":130,"column":152}},"loc":{"start":{"line":130,"column":155},"end":{"line":130,"column":274}},"line":130},"13":{"name":"(anonymous_13)","decl":{"start":{"line":130,"column":226},"end":{"line":130,"column":227}},"loc":{"start":{"line":130,"column":242},"end":{"line":130,"column":270}},"line":130}},"branchMap":{"0":{"loc":{"start":{"line":111,"column":28},"end":{"line":113,"column":88}},"type":"binary-expr","locations":[{"start":{"line":111,"column":28},"end":{"line":111,"column":68}},{"start":{"line":112,"column":0},"end":{"line":112,"column":36}},{"start":{"line":113,"column":0},"end":{"line":113,"column":88}}],"line":111},"1":{"loc":{"start":{"line":113,"column":111},"end":{"line":119,"column":52}},"type":"if","locations":[{"start":{"line":113,"column":111},"end":{"line":119,"column":52}},{"start":{"line":113,"column":111},"end":{"line":119,"column":52}}],"line":113},"2":{"loc":{"start":{"line":113,"column":115},"end":{"line":113,"column":184}},"type":"binary-expr","locations":[{"start":{"line":113,"column":115},"end":{"line":113,"column":152}},{"start":{"line":113,"column":156},"end":{"line":113,"column":184}}],"line":113},"3":{"loc":{"start":{"line":114,"column":94},"end":{"line":117,"column":20}},"type":"if","locations":[{"start":{"line":114,"column":94},"end":{"line":117,"column":20}},{"start":{"line":114,"column":94},"end":{"line":117,"column":20}}],"line":114},"4":{"loc":{"start":{"line":117,"column":119},"end":{"line":119,"column":48}},"type":"if","locations":[{"start":{"line":117,"column":119},"end":{"line":119,"column":48}},{"start":{"line":117,"column":119},"end":{"line":119,"column":48}}],"line":117},"5":{"loc":{"start":{"line":119,"column":273},"end":{"line":126,"column":76}},"type":"if","locations":[{"start":{"line":119,"column":273},"end":{"line":126,"column":76}},{"start":{"line":119,"column":273},"end":{"line":126,"column":76}}],"line":119},"6":{"loc":{"start":{"line":119,"column":318},"end":{"line":126,"column":75}},"type":"if","locations":[{"start":{"line":119,"column":318},"end":{"line":126,"column":75}},{"start":{"line":119,"column":318},"end":{"line":126,"column":75}}],"line":119},"7":{"loc":{"start":{"line":128,"column":8},"end":{"line":130,"column":36}},"type":"if","locations":[{"start":{"line":128,"column":8},"end":{"line":130,"column":36}},{"start":{"line":128,"column":8},"end":{"line":130,"column":36}}],"line":128},"8":{"loc":{"start":{"line":128,"column":12},"end":{"line":128,"column":104}},"type":"binary-expr","locations":[{"start":{"line":128,"column":12},"end":{"line":128,"column":35}},{"start":{"line":128,"column":39},"end":{"line":128,"column":104}}],"line":128},"9":{"loc":{"start":{"line":130,"column":156},"end":{"line":130,"column":273}},"type":"if","locations":[{"start":{"line":130,"column":156},"end":{"line":130,"column":273}},{"start":{"line":130,"column":156},"end":{"line":130,"column":273}}],"line":130}},"s":{"0":0,"1":0,"2":0,"3":0,"4":0,"5":0,"6":0,"7":0,"8":0,"9":0,"10":0,"11":0,"12":0,"13":0,"14":0,"15":0,"16":0,"17":0,"18":0,"19":0,"20":0,"21":0,"22":0,"23":0,"24":0,"25":0,"26":0,"27":0,"28":0,"29":0,"30":0,"31":0},"f":{"0":0,"1":0,"2":0,"3":0,"4":0,"5":0,"6":0,"7":0,"8":0,"9":0,"10":0,"11":0,"12":0,"13":0},"b":{"0":[0,0,0],"1":[0,0],"2":[0,0],"3":[0,0],"4":[0,0],"5":[0,0],"6":[0,0],"7":[0,0],"8":[0,0],"9":[0,0]}}
,"/Users/marcusgustafsson/dbwebb-kurser/ramverk2/me/kmom10/ramverk2-app/client/src/setupTests.js": {"path":"/Users/marcusgustafsson/dbwebb-kurser/ramverk2/me/kmom10/ramverk2-app/client/src/setupTests.js","statementMap":{"0":{"start":{"line":4,"column":0},"end":{"line":4,"column":38}}},"fnMap":{},"branchMap":{},"s":{"0":4},"f":{},"b":{},"_coverageSchema":"332fd63041d2c1bcb487cc26dd0d5f7d97098a6c","hash":"56e6861a88a3e1cb7262a6b86c3c93ec749272a5"}
,"/Users/marcusgustafsson/dbwebb-kurser/ramverk2/me/kmom10/ramverk2-app/client/src/components/about.js": {"path":"/Users/marcusgustafsson/dbwebb-kurser/ramverk2/me/kmom10/ramverk2-app/client/src/components/about.js","statementMap":{"0":{"start":{"line":4,"column":14},"end":{"line":14,"column":1}},"1":{"start":{"line":5,"column":4},"end":{"line":13,"column":10}}},"fnMap":{"0":{"name":"(anonymous_0)","decl":{"start":{"line":4,"column":14},"end":{"line":4,"column":15}},"loc":{"start":{"line":5,"column":4},"end":{"line":13,"column":10}},"line":5}},"branchMap":{},"s":{"0":2,"1":1},"f":{"0":1},"b":{},"_coverageSchema":"332fd63041d2c1bcb487cc26dd0d5f7d97098a6c","hash":"d7cde102f5a758ba58385d6bd3028911a7638acd"}
,"/Users/marcusgustafsson/dbwebb-kurser/ramverk2/me/kmom10/ramverk2-app/client/src/components/add.js": {"path":"/Users/marcusgustafsson/dbwebb-kurser/ramverk2/me/kmom10/ramverk2-app/client/src/components/add.js","statementMap":{"0":{"start":{"line":5,"column":8},"end":{"line":5,"column":21}},"1":{"start":{"line":6,"column":8},"end":{"line":14,"column":10}},"2":{"start":{"line":16,"column":8},"end":{"line":16,"column":57}},"3":{"start":{"line":17,"column":8},"end":{"line":17,"column":57}},"4":{"start":{"line":21,"column":8},"end":{"line":23,"column":9}},"5":{"start":{"line":22,"column":12},"end":{"line":22,"column":45}},"6":{"start":{"line":24,"column":8},"end":{"line":30,"column":17}},"7":{"start":{"line":25,"column":12},"end":{"line":29,"column":15}},"8":{"start":{"line":34,"column":8},"end":{"line":34,"column":65}},"9":{"start":{"line":38,"column":8},"end":{"line":38,"column":31}},"10":{"start":{"line":39,"column":8},"end":{"line":45,"column":9}},"11":{"start":{"line":40,"column":12},"end":{"line":40,"column":48}},"12":{"start":{"line":41,"column":12},"end":{"line":41,"column":77}},"13":{"start":{"line":42,"column":12},"end":{"line":42,"column":55}},"14":{"start":{"line":43,"column":12},"end":{"line":43,"column":33}},"15":{"start":{"line":44,"column":12},"end":{"line":44,"column":19}},"16":{"start":{"line":46,"column":8},"end":{"line":46,"column":45}},"17":{"start":{"line":47,"column":8},"end":{"line":47,"column":64}},"18":{"start":{"line":48,"column":8},"end":{"line":48,"column":70}},"19":{"start":{"line":49,"column":8},"end":{"line":49,"column":78}},"20":{"start":{"line":52,"column":23},"end":{"line":57,"column":9}},"21":{"start":{"line":59,"column":8},"end":{"line":73,"column":15}},"22":{"start":{"line":61,"column":16},"end":{"line":63,"column":17}},"23":{"start":{"line":62,"column":20},"end":{"line":62,"column":42}},"24":{"start":{"line":64,"column":16},"end":{"line":64,"column":64}},"25":{"start":{"line":66,"column":16},"end":{"line":66,"column":73}},"26":{"start":{"line":67,"column":16},"end":{"line":67,"column":52}},"27":{"start":{"line":68,"column":16},"end":{"line":68,"column":34}},"28":{"start":{"line":69,"column":16},"end":{"line":69,"column":43}},"29":{"start":{"line":70,"column":16},"end":{"line":70,"column":37}},"30":{"start":{"line":72,"column":16},"end":{"line":72,"column":99}},"31":{"start":{"line":77,"column":8},"end":{"line":92,"column":10}}},"fnMap":{"0":{"name":"(anonymous_0)","decl":{"start":{"line":4,"column":4},"end":{"line":4,"column":5}},"loc":{"start":{"line":4,"column":23},"end":{"line":18,"column":5}},"line":4},"1":{"name":"(anonymous_1)","decl":{"start":{"line":20,"column":4},"end":{"line":20,"column":5}},"loc":{"start":{"line":20,"column":20},"end":{"line":31,"column":5}},"line":20},"2":{"name":"(anonymous_2)","decl":{"start":{"line":24,"column":19},"end":{"line":24,"column":20}},"loc":{"start":{"line":24,"column":25},"end":{"line":30,"column":9}},"line":24},"3":{"name":"(anonymous_3)","decl":{"start":{"line":33,"column":4},"end":{"line":33,"column":5}},"loc":{"start":{"line":33,"column":24},"end":{"line":35,"column":5}},"line":33},"4":{"name":"(anonymous_4)","decl":{"start":{"line":37,"column":4},"end":{"line":37,"column":5}},"loc":{"start":{"line":37,"column":24},"end":{"line":74,"column":5}},"line":37},"5":{"name":"(anonymous_5)","decl":{"start":{"line":60,"column":18},"end":{"line":60,"column":19}},"loc":{"start":{"line":60,"column":29},"end":{"line":65,"column":13}},"line":60},"6":{"name":"(anonymous_6)","decl":{"start":{"line":65,"column":20},"end":{"line":65,"column":21}},"loc":{"start":{"line":65,"column":28},"end":{"line":71,"column":13}},"line":65},"7":{"name":"(anonymous_7)","decl":{"start":{"line":71,"column":21},"end":{"line":71,"column":22}},"loc":{"start":{"line":71,"column":30},"end":{"line":73,"column":13}},"line":71},"8":{"name":"(anonymous_8)","decl":{"start":{"line":76,"column":4},"end":{"line":76,"column":5}},"loc":{"start":{"line":76,"column":13},"end":{"line":93,"column":5}},"line":76}},"branchMap":{"0":{"loc":{"start":{"line":21,"column":8},"end":{"line":23,"column":9}},"type":"if","locations":[{"start":{"line":21,"column":8},"end":{"line":23,"column":9}},{"start":{"line":21,"column":8},"end":{"line":23,"column":9}}],"line":21},"1":{"loc":{"start":{"line":39,"column":8},"end":{"line":45,"column":9}},"type":"if","locations":[{"start":{"line":39,"column":8},"end":{"line":45,"column":9}},{"start":{"line":39,"column":8},"end":{"line":45,"column":9}}],"line":39},"2":{"loc":{"start":{"line":39,"column":12},"end":{"line":39,"column":96}},"type":"binary-expr","locations":[{"start":{"line":39,"column":12},"end":{"line":39,"column":34}},{"start":{"line":39,"column":38},"end":{"line":39,"column":63}},{"start":{"line":39,"column":67},"end":{"line":39,"column":96}}],"line":39},"3":{"loc":{"start":{"line":61,"column":16},"end":{"line":63,"column":17}},"type":"if","locations":[{"start":{"line":61,"column":16},"end":{"line":63,"column":17}},{"start":{"line":61,"column":16},"end":{"line":63,"column":17}}],"line":61}},"s":{"0":0,"1":0,"2":0,"3":0,"4":0,"5":0,"6":0,"7":0,"8":0,"9":0,"10":0,"11":0,"12":0,"13":0,"14":0,"15":0,"16":0,"17":0,"18":0,"19":0,"20":0,"21":0,"22":0,"23":0,"24":0,"25":0,"26":0,"27":0,"28":0,"29":0,"30":0,"31":0},"f":{"0":0,"1":0,"2":0,"3":0,"4":0,"5":0,"6":0,"7":0,"8":0},"b":{"0":[0,0],"1":[0,0],"2":[0,0,0],"3":[0,0]},"_coverageSchema":"332fd63041d2c1bcb487cc26dd0d5f7d97098a6c","hash":"21c56caa1de7b2932806c716f30d11ea04e2b753"}
,"/Users/marcusgustafsson/dbwebb-kurser/ramverk2/me/kmom10/ramverk2-app/client/src/components/chat.js": {"path":"/Users/marcusgustafsson/dbwebb-kurser/ramverk2/me/kmom10/ramverk2-app/client/src/components/chat.js","statementMap":{"0":{"start":{"line":6,"column":18},"end":{"line":6,"column":53}},"1":{"start":{"line":8,"column":4},"end":{"line":8,"column":45}},"2":{"start":{"line":11,"column":16},"end":{"line":15,"column":1}},"3":{"start":{"line":12,"column":4},"end":{"line":14,"column":10}},"4":{"start":{"line":17,"column":0},"end":{"line":19,"column":2}},"5":{"start":{"line":23,"column":8},"end":{"line":23,"column":21}},"6":{"start":{"line":24,"column":8},"end":{"line":30,"column":10}},"7":{"start":{"line":31,"column":8},"end":{"line":31,"column":55}},"8":{"start":{"line":32,"column":8},"end":{"line":32,"column":57}},"9":{"start":{"line":36,"column":8},"end":{"line":36,"column":27}},"10":{"start":{"line":38,"column":8},"end":{"line":43,"column":11}},"11":{"start":{"line":39,"column":12},"end":{"line":39,"column":56}},"12":{"start":{"line":40,"column":12},"end":{"line":40,"column":42}},"13":{"start":{"line":41,"column":12},"end":{"line":41,"column":70}},"14":{"start":{"line":42,"column":12},"end":{"line":42,"column":27}},"15":{"start":{"line":45,"column":8},"end":{"line":52,"column":11}},"16":{"start":{"line":46,"column":12},"end":{"line":46,"column":41}},"17":{"start":{"line":47,"column":12},"end":{"line":50,"column":13}},"18":{"start":{"line":48,"column":16},"end":{"line":48,"column":109}},"19":{"start":{"line":49,"column":16},"end":{"line":49,"column":61}},"20":{"start":{"line":51,"column":12},"end":{"line":51,"column":27}},"21":{"start":{"line":56,"column":8},"end":{"line":56,"column":28}},"22":{"start":{"line":57,"column":8},"end":{"line":60,"column":11}},"23":{"start":{"line":61,"column":8},"end":{"line":61,"column":37}},"24":{"start":{"line":65,"column":8},"end":{"line":67,"column":11}},"25":{"start":{"line":71,"column":8},"end":{"line":91,"column":10}},"26":{"start":{"line":77,"column":59},"end":{"line":77,"column":108}},"27":{"start":{"line":83,"column":106},"end":{"line":83,"column":148}},"28":{"start":{"line":85,"column":111},"end":{"line":85,"column":152}}},"fnMap":{"0":{"name":"updateScroll","decl":{"start":{"line":5,"column":9},"end":{"line":5,"column":21}},"loc":{"start":{"line":5,"column":24},"end":{"line":9,"column":1}},"line":5},"1":{"name":"(anonymous_1)","decl":{"start":{"line":11,"column":16},"end":{"line":11,"column":17}},"loc":{"start":{"line":12,"column":4},"end":{"line":14,"column":10}},"line":12},"2":{"name":"(anonymous_2)","decl":{"start":{"line":22,"column":4},"end":{"line":22,"column":5}},"loc":{"start":{"line":22,"column":23},"end":{"line":33,"column":5}},"line":22},"3":{"name":"(anonymous_3)","decl":{"start":{"line":35,"column":4},"end":{"line":35,"column":5}},"loc":{"start":{"line":35,"column":24},"end":{"line":53,"column":5}},"line":35},"4":{"name":"(anonymous_4)","decl":{"start":{"line":38,"column":42},"end":{"line":38,"column":43}},"loc":{"start":{"line":38,"column":52},"end":{"line":43,"column":9}},"line":38},"5":{"name":"(anonymous_5)","decl":{"start":{"line":45,"column":33},"end":{"line":45,"column":34}},"loc":{"start":{"line":45,"column":43},"end":{"line":52,"column":9}},"line":45},"6":{"name":"(anonymous_6)","decl":{"start":{"line":55,"column":4},"end":{"line":55,"column":5}},"loc":{"start":{"line":55,"column":20},"end":{"line":62,"column":5}},"line":55},"7":{"name":"(anonymous_7)","decl":{"start":{"line":64,"column":4},"end":{"line":64,"column":5}},"loc":{"start":{"line":64,"column":19},"end":{"line":68,"column":5}},"line":64},"8":{"name":"(anonymous_8)","decl":{"start":{"line":70,"column":4},"end":{"line":70,"column":5}},"loc":{"start":{"line":70,"column":13},"end":{"line":92,"column":5}},"line":70},"9":{"name":"(anonymous_9)","decl":{"start":{"line":77,"column":49},"end":{"line":77,"column":50}},"loc":{"start":{"line":77,"column":59},"end":{"line":77,"column":108}},"line":77},"10":{"name":"(anonymous_10)","decl":{"start":{"line":83,"column":100},"end":{"line":83,"column":101}},"loc":{"start":{"line":83,"column":106},"end":{"line":83,"column":148}},"line":83},"11":{"name":"(anonymous_11)","decl":{"start":{"line":85,"column":105},"end":{"line":85,"column":106}},"loc":{"start":{"line":85,"column":111},"end":{"line":85,"column":152}},"line":85}},"branchMap":{"0":{"loc":{"start":{"line":47,"column":12},"end":{"line":50,"column":13}},"type":"if","locations":[{"start":{"line":47,"column":12},"end":{"line":50,"column":13}},{"start":{"line":47,"column":12},"end":{"line":50,"column":13}}],"line":47},"1":{"loc":{"start":{"line":77,"column":59},"end":{"line":77,"column":108}},"type":"binary-expr","locations":[{"start":{"line":77,"column":59},"end":{"line":77,"column":73}},{"start":{"line":77,"column":77},"end":{"line":77,"column":108}}],"line":77}},"s":{"0":0,"1":0,"2":2,"3":0,"4":2,"5":2,"6":2,"7":2,"8":2,"9":2,"10":2,"11":0,"12":0,"13":0,"14":0,"15":2,"16":0,"17":0,"18":0,"19":0,"20":0,"21":0,"22":0,"23":0,"24":0,"25":2,"26":0,"27":0,"28":0},"f":{"0":0,"1":0,"2":2,"3":2,"4":0,"5":0,"6":0,"7":0,"8":2,"9":0,"10":0,"11":0},"b":{"0":[0,0],"1":[0,0]},"_coverageSchema":"332fd63041d2c1bcb487cc26dd0d5f7d97098a6c","hash":"4a026f48dfd1cb5eea0c911a74096db142530095"}
,"/Users/marcusgustafsson/dbwebb-kurser/ramverk2/me/kmom10/ramverk2-app/client/src/components/home.js": {"path":"/Users/marcusgustafsson/dbwebb-kurser/ramverk2/me/kmom10/ramverk2-app/client/src/components/home.js","statementMap":{"0":{"start":{"line":4,"column":13},"end":{"line":10,"column":1}},"1":{"start":{"line":5,"column":4},"end":{"line":9,"column":10}}},"fnMap":{"0":{"name":"(anonymous_0)","decl":{"start":{"line":4,"column":13},"end":{"line":4,"column":14}},"loc":{"start":{"line":5,"column":4},"end":{"line":9,"column":10}},"line":5}},"branchMap":{},"s":{"0":2,"1":1},"f":{"0":1},"b":{},"_coverageSchema":"332fd63041d2c1bcb487cc26dd0d5f7d97098a6c","hash":"1c71860f149cfe9db7307bd360e88a8a08e673c6"}
,"/Users/marcusgustafsson/dbwebb-kurser/ramverk2/me/kmom10/ramverk2-app/client/src/components/read.js": {"path":"/Users/marcusgustafsson/dbwebb-kurser/ramverk2/me/kmom10/ramverk2-app/client/src/components/read.js","statementMap":{"0":{"start":{"line":5,"column":8},"end":{"line":5,"column":21}},"1":{"start":{"line":6,"column":8},"end":{"line":11,"column":10}},"2":{"start":{"line":15,"column":8},"end":{"line":27,"column":15}},"3":{"start":{"line":17,"column":16},"end":{"line":19,"column":17}},"4":{"start":{"line":18,"column":20},"end":{"line":18,"column":42}},"5":{"start":{"line":20,"column":16},"end":{"line":20,"column":64}},"6":{"start":{"line":22,"column":16},"end":{"line":22,"column":34}},"7":{"start":{"line":23,"column":16},"end":{"line":23,"column":48}},"8":{"start":{"line":24,"column":16},"end":{"line":24,"column":43}},"9":{"start":{"line":26,"column":16},"end":{"line":26,"column":94}},"10":{"start":{"line":30,"column":8},"end":{"line":42,"column":10}},"11":{"start":{"line":37,"column":24},"end":{"line":38,"column":173}}},"fnMap":{"0":{"name":"(anonymous_0)","decl":{"start":{"line":4,"column":4},"end":{"line":4,"column":5}},"loc":{"start":{"line":4,"column":23},"end":{"line":12,"column":5}},"line":4},"1":{"name":"(anonymous_1)","decl":{"start":{"line":14,"column":4},"end":{"line":14,"column":5}},"loc":{"start":{"line":14,"column":24},"end":{"line":28,"column":5}},"line":14},"2":{"name":"(anonymous_2)","decl":{"start":{"line":16,"column":18},"end":{"line":16,"column":19}},"loc":{"start":{"line":16,"column":29},"end":{"line":21,"column":13}},"line":16},"3":{"name":"(anonymous_3)","decl":{"start":{"line":21,"column":20},"end":{"line":21,"column":21}},"loc":{"start":{"line":21,"column":28},"end":{"line":25,"column":13}},"line":21},"4":{"name":"(anonymous_4)","decl":{"start":{"line":25,"column":21},"end":{"line":25,"column":22}},"loc":{"start":{"line":25,"column":30},"end":{"line":27,"column":13}},"line":25},"5":{"name":"(anonymous_5)","decl":{"start":{"line":29,"column":4},"end":{"line":29,"column":5}},"loc":{"start":{"line":29,"column":13},"end":{"line":43,"column":5}},"line":29},"6":{"name":"(anonymous_6)","decl":{"start":{"line":36,"column":44},"end":{"line":36,"column":45}},"loc":{"start":{"line":36,"column":57},"end":{"line":39,"column":21}},"line":36}},"branchMap":{"0":{"loc":{"start":{"line":17,"column":16},"end":{"line":19,"column":17}},"type":"if","locations":[{"start":{"line":17,"column":16},"end":{"line":19,"column":17}},{"start":{"line":17,"column":16},"end":{"line":19,"column":17}}],"line":17}},"s":{"0":0,"1":0,"2":0,"3":0,"4":0,"5":0,"6":0,"7":0,"8":0,"9":0,"10":0,"11":0},"f":{"0":0,"1":0,"2":0,"3":0,"4":0,"5":0,"6":0},"b":{"0":[0,0]},"_coverageSchema":"332fd63041d2c1bcb487cc26dd0d5f7d97098a6c","hash":"5eecfb7e452858dfea39d1e46fe76bfd2daa9d68"}
,"/Users/marcusgustafsson/dbwebb-kurser/ramverk2/me/kmom10/ramverk2-app/client/src/components/remove.js": {"path":"/Users/marcusgustafsson/dbwebb-kurser/ramverk2/me/kmom10/ramverk2-app/client/src/components/remove.js","statementMap":{"0":{"start":{"line":5,"column":8},"end":{"line":5,"column":21}},"1":{"start":{"line":6,"column":8},"end":{"line":14,"column":10}},"2":{"start":{"line":16,"column":8},"end":{"line":16,"column":57}},"3":{"start":{"line":17,"column":8},"end":{"line":17,"column":57}},"4":{"start":{"line":21,"column":8},"end":{"line":23,"column":9}},"5":{"start":{"line":22,"column":12},"end":{"line":22,"column":45}},"6":{"start":{"line":24,"column":8},"end":{"line":30,"column":17}},"7":{"start":{"line":25,"column":12},"end":{"line":29,"column":15}},"8":{"start":{"line":34,"column":8},"end":{"line":34,"column":65}},"9":{"start":{"line":38,"column":8},"end":{"line":38,"column":31}},"10":{"start":{"line":39,"column":8},"end":{"line":45,"column":9}},"11":{"start":{"line":40,"column":12},"end":{"line":40,"column":46}},"12":{"start":{"line":41,"column":12},"end":{"line":41,"column":81}},"13":{"start":{"line":42,"column":12},"end":{"line":42,"column":55}},"14":{"start":{"line":43,"column":12},"end":{"line":43,"column":33}},"15":{"start":{"line":44,"column":12},"end":{"line":44,"column":19}},"16":{"start":{"line":48,"column":8},"end":{"line":48,"column":65}},"17":{"start":{"line":52,"column":23},"end":{"line":57,"column":9}},"18":{"start":{"line":59,"column":8},"end":{"line":77,"column":15}},"19":{"start":{"line":61,"column":16},"end":{"line":63,"column":17}},"20":{"start":{"line":62,"column":20},"end":{"line":62,"column":42}},"21":{"start":{"line":64,"column":16},"end":{"line":64,"column":64}},"22":{"start":{"line":66,"column":16},"end":{"line":68,"column":19}},"23":{"start":{"line":67,"column":68},"end":{"line":67,"column":97}},"24":{"start":{"line":69,"column":16},"end":{"line":69,"column":43}},"25":{"start":{"line":70,"column":16},"end":{"line":70,"column":62}},"26":{"start":{"line":71,"column":16},"end":{"line":71,"column":52}},"27":{"start":{"line":72,"column":16},"end":{"line":72,"column":34}},"28":{"start":{"line":73,"column":16},"end":{"line":73,"column":37}},"29":{"start":{"line":76,"column":16},"end":{"line":76,"column":94}},"30":{"start":{"line":82,"column":8},"end":{"line":93,"column":15}},"31":{"start":{"line":84,"column":16},"end":{"line":86,"column":17}},"32":{"start":{"line":85,"column":20},"end":{"line":85,"column":42}},"33":{"start":{"line":87,"column":16},"end":{"line":87,"column":64}},"34":{"start":{"line":89,"column":16},"end":{"line":89,"column":48}},"35":{"start":{"line":90,"column":16},"end":{"line":90,"column":43}},"36":{"start":{"line":92,"column":16},"end":{"line":92,"column":94}},"37":{"start":{"line":96,"column":8},"end":{"line":114,"column":10}},"38":{"start":{"line":106,"column":32},"end":{"line":106,"column":93}}},"fnMap":{"0":{"name":"(anonymous_0)","decl":{"start":{"line":4,"column":4},"end":{"line":4,"column":5}},"loc":{"start":{"line":4,"column":23},"end":{"line":18,"column":5}},"line":4},"1":{"name":"(anonymous_1)","decl":{"start":{"line":20,"column":4},"end":{"line":20,"column":5}},"loc":{"start":{"line":20,"column":20},"end":{"line":31,"column":5}},"line":20},"2":{"name":"(anonymous_2)","decl":{"start":{"line":24,"column":19},"end":{"line":24,"column":20}},"loc":{"start":{"line":24,"column":25},"end":{"line":30,"column":9}},"line":24},"3":{"name":"(anonymous_3)","decl":{"start":{"line":33,"column":4},"end":{"line":33,"column":5}},"loc":{"start":{"line":33,"column":24},"end":{"line":35,"column":5}},"line":33},"4":{"name":"(anonymous_4)","decl":{"start":{"line":37,"column":4},"end":{"line":37,"column":5}},"loc":{"start":{"line":37,"column":24},"end":{"line":79,"column":5}},"line":37},"5":{"name":"(anonymous_5)","decl":{"start":{"line":60,"column":18},"end":{"line":60,"column":19}},"loc":{"start":{"line":60,"column":29},"end":{"line":65,"column":13}},"line":60},"6":{"name":"(anonymous_6)","decl":{"start":{"line":65,"column":20},"end":{"line":65,"column":21}},"loc":{"start":{"line":65,"column":28},"end":{"line":75,"column":13}},"line":65},"7":{"name":"(anonymous_7)","decl":{"start":{"line":67,"column":57},"end":{"line":67,"column":58}},"loc":{"start":{"line":67,"column":68},"end":{"line":67,"column":97}},"line":67},"8":{"name":"(anonymous_8)","decl":{"start":{"line":75,"column":21},"end":{"line":75,"column":22}},"loc":{"start":{"line":75,"column":30},"end":{"line":77,"column":13}},"line":75},"9":{"name":"(anonymous_9)","decl":{"start":{"line":81,"column":4},"end":{"line":81,"column":5}},"loc":{"start":{"line":81,"column":24},"end":{"line":94,"column":5}},"line":81},"10":{"name":"(anonymous_10)","decl":{"start":{"line":83,"column":18},"end":{"line":83,"column":19}},"loc":{"start":{"line":83,"column":29},"end":{"line":88,"column":13}},"line":83},"11":{"name":"(anonymous_11)","decl":{"start":{"line":88,"column":20},"end":{"line":88,"column":21}},"loc":{"start":{"line":88,"column":28},"end":{"line":91,"column":13}},"line":88},"12":{"name":"(anonymous_12)","decl":{"start":{"line":91,"column":21},"end":{"line":91,"column":22}},"loc":{"start":{"line":91,"column":30},"end":{"line":93,"column":13}},"line":91},"13":{"name":"(anonymous_13)","decl":{"start":{"line":95,"column":4},"end":{"line":95,"column":5}},"loc":{"start":{"line":95,"column":13},"end":{"line":115,"column":5}},"line":95},"14":{"name":"(anonymous_14)","decl":{"start":{"line":105,"column":52},"end":{"line":105,"column":53}},"loc":{"start":{"line":105,"column":65},"end":{"line":107,"column":29}},"line":105}},"branchMap":{"0":{"loc":{"start":{"line":21,"column":8},"end":{"line":23,"column":9}},"type":"if","locations":[{"start":{"line":21,"column":8},"end":{"line":23,"column":9}},{"start":{"line":21,"column":8},"end":{"line":23,"column":9}}],"line":21},"1":{"loc":{"start":{"line":39,"column":8},"end":{"line":45,"column":9}},"type":"if","locations":[{"start":{"line":39,"column":8},"end":{"line":45,"column":9}},{"start":{"line":39,"column":8},"end":{"line":45,"column":9}}],"line":39},"2":{"loc":{"start":{"line":61,"column":16},"end":{"line":63,"column":17}},"type":"if","locations":[{"start":{"line":61,"column":16},"end":{"line":63,"column":17}},{"start":{"line":61,"column":16},"end":{"line":63,"column":17}}],"line":61},"3":{"loc":{"start":{"line":84,"column":16},"end":{"line":86,"column":17}},"type":"if","locations":[{"start":{"line":84,"column":16},"end":{"line":86,"column":17}},{"start":{"line":84,"column":16},"end":{"line":86,"column":17}}],"line":84}},"s":{"0":0,"1":0,"2":0,"3":0,"4":0,"5":0,"6":0,"7":0,"8":0,"9":0,"10":0,"11":0,"12":0,"13":0,"14":0,"15":0,"16":0,"17":0,"18":0,"19":0,"20":0,"21":0,"22":0,"23":0,"24":0,"25":0,"26":0,"27":0,"28":0,"29":0,"30":0,"31":0,"32":0,"33":0,"34":0,"35":0,"36":0,"37":0,"38":0},"f":{"0":0,"1":0,"2":0,"3":0,"4":0,"5":0,"6":0,"7":0,"8":0,"9":0,"10":0,"11":0,"12":0,"13":0,"14":0},"b":{"0":[0,0],"1":[0,0],"2":[0,0],"3":[0,0]},"_coverageSchema":"332fd63041d2c1bcb487cc26dd0d5f7d97098a6c","hash":"48c28379a1dd1d80e2e2feb391cde1d8c750ac02"}
,"/Users/marcusgustafsson/dbwebb-kurser/ramverk2/me/kmom10/ramverk2-app/client/src/components/update.js": {"path":"/Users/marcusgustafsson/dbwebb-kurser/ramverk2/me/kmom10/ramverk2-app/client/src/components/update.js","statementMap":{"0":{"start":{"line":5,"column":8},"end":{"line":5,"column":21}},"1":{"start":{"line":6,"column":8},"end":{"line":16,"column":10}},"2":{"start":{"line":18,"column":8},"end":{"line":18,"column":63}},"3":{"start":{"line":19,"column":8},"end":{"line":19,"column":57}},"4":{"start":{"line":20,"column":8},"end":{"line":20,"column":57}},"5":{"start":{"line":24,"column":8},"end":{"line":26,"column":9}},"6":{"start":{"line":25,"column":12},"end":{"line":25,"column":45}},"7":{"start":{"line":27,"column":8},"end":{"line":33,"column":17}},"8":{"start":{"line":28,"column":12},"end":{"line":32,"column":15}},"9":{"start":{"line":37,"column":8},"end":{"line":37,"column":65}},"10":{"start":{"line":41,"column":8},"end":{"line":56,"column":9}},"11":{"start":{"line":42,"column":12},"end":{"line":42,"column":44}},"12":{"start":{"line":43,"column":26},"end":{"line":43,"column":99}},"13":{"start":{"line":43,"column":64},"end":{"line":43,"column":98}},"14":{"start":{"line":45,"column":23},"end":{"line":45,"column":38}},"15":{"start":{"line":46,"column":27},"end":{"line":46,"column":45}},"16":{"start":{"line":47,"column":30},"end":{"line":47,"column":52}},"17":{"start":{"line":49,"column":12},"end":{"line":49,"column":36}},"18":{"start":{"line":50,"column":12},"end":{"line":50,"column":52}},"19":{"start":{"line":51,"column":12},"end":{"line":51,"column":40}},"20":{"start":{"line":52,"column":12},"end":{"line":52,"column":47}},"21":{"start":{"line":53,"column":12},"end":{"line":53,"column":54}},"22":{"start":{"line":55,"column":12},"end":{"line":55,"column":54}},"23":{"start":{"line":60,"column":8},"end":{"line":60,"column":31}},"24":{"start":{"line":61,"column":8},"end":{"line":67,"column":9}},"25":{"start":{"line":62,"column":12},"end":{"line":62,"column":46}},"26":{"start":{"line":63,"column":12},"end":{"line":63,"column":81}},"27":{"start":{"line":64,"column":12},"end":{"line":64,"column":55}},"28":{"start":{"line":65,"column":12},"end":{"line":65,"column":33}},"29":{"start":{"line":66,"column":12},"end":{"line":66,"column":19}},"30":{"start":{"line":68,"column":8},"end":{"line":74,"column":9}},"31":{"start":{"line":69,"column":12},"end":{"line":69,"column":53}},"32":{"start":{"line":70,"column":12},"end":{"line":70,"column":77}},"33":{"start":{"line":71,"column":12},"end":{"line":71,"column":55}},"34":{"start":{"line":72,"column":12},"end":{"line":72,"column":33}},"35":{"start":{"line":73,"column":12},"end":{"line":73,"column":19}},"36":{"start":{"line":75,"column":8},"end":{"line":75,"column":65}},"37":{"start":{"line":76,"column":8},"end":{"line":76,"column":41}},"38":{"start":{"line":77,"column":8},"end":{"line":77,"column":45}},"39":{"start":{"line":78,"column":8},"end":{"line":78,"column":51}},"40":{"start":{"line":79,"column":8},"end":{"line":79,"column":59}},"41":{"start":{"line":81,"column":23},"end":{"line":86,"column":9}},"42":{"start":{"line":88,"column":8},"end":{"line":114,"column":15}},"43":{"start":{"line":90,"column":16},"end":{"line":92,"column":17}},"44":{"start":{"line":91,"column":20},"end":{"line":91,"column":42}},"45":{"start":{"line":93,"column":16},"end":{"line":93,"column":64}},"46":{"start":{"line":95,"column":16},"end":{"line":97,"column":19}},"47":{"start":{"line":99,"column":16},"end":{"line":106,"column":19}},"48":{"start":{"line":100,"column":20},"end":{"line":104,"column":21}},"49":{"start":{"line":101,"column":24},"end":{"line":101,"column":51}},"50":{"start":{"line":102,"column":24},"end":{"line":102,"column":57}},"51":{"start":{"line":103,"column":24},"end":{"line":103,"column":65}},"52":{"start":{"line":105,"column":20},"end":{"line":105,"column":31}},"53":{"start":{"line":107,"column":16},"end":{"line":107,"column":64}},"54":{"start":{"line":108,"column":16},"end":{"line":108,"column":65}},"55":{"start":{"line":109,"column":16},"end":{"line":109,"column":52}},"56":{"start":{"line":110,"column":16},"end":{"line":110,"column":34}},"57":{"start":{"line":111,"column":16},"end":{"line":111,"column":37}},"58":{"start":{"line":113,"column":16},"end":{"line":113,"column":94}},"59":{"start":{"line":118,"column":8},"end":{"line":129,"column":15}},"60":{"start":{"line":120,"column":16},"end":{"line":122,"column":17}},"61":{"start":{"line":121,"column":20},"end":{"line":121,"column":42}},"62":{"start":{"line":123,"column":16},"end":{"line":123,"column":64}},"63":{"start":{"line":125,"column":16},"end":{"line":125,"column":48}},"64":{"start":{"line":126,"column":16},"end":{"line":126,"column":43}},"65":{"start":{"line":128,"column":16},"end":{"line":128,"column":94}},"66":{"start":{"line":132,"column":8},"end":{"line":154,"column":10}},"67":{"start":{"line":142,"column":32},"end":{"line":142,"column":93}}},"fnMap":{"0":{"name":"(anonymous_0)","decl":{"start":{"line":4,"column":4},"end":{"line":4,"column":5}},"loc":{"start":{"line":4,"column":23},"end":{"line":21,"column":5}},"line":4},"1":{"name":"(anonymous_1)","decl":{"start":{"line":23,"column":4},"end":{"line":23,"column":5}},"loc":{"start":{"line":23,"column":20},"end":{"line":34,"column":5}},"line":23},"2":{"name":"(anonymous_2)","decl":{"start":{"line":27,"column":19},"end":{"line":27,"column":20}},"loc":{"start":{"line":27,"column":25},"end":{"line":33,"column":9}},"line":27},"3":{"name":"(anonymous_3)","decl":{"start":{"line":36,"column":4},"end":{"line":36,"column":5}},"loc":{"start":{"line":36,"column":27},"end":{"line":38,"column":5}},"line":36},"4":{"name":"(anonymous_4)","decl":{"start":{"line":40,"column":4},"end":{"line":40,"column":5}},"loc":{"start":{"line":40,"column":24},"end":{"line":57,"column":5}},"line":40},"5":{"name":"(anonymous_5)","decl":{"start":{"line":43,"column":53},"end":{"line":43,"column":54}},"loc":{"start":{"line":43,"column":64},"end":{"line":43,"column":98}},"line":43},"6":{"name":"(anonymous_6)","decl":{"start":{"line":59,"column":4},"end":{"line":59,"column":5}},"loc":{"start":{"line":59,"column":24},"end":{"line":115,"column":5}},"line":59},"7":{"name":"(anonymous_7)","decl":{"start":{"line":89,"column":18},"end":{"line":89,"column":19}},"loc":{"start":{"line":89,"column":29},"end":{"line":94,"column":13}},"line":89},"8":{"name":"(anonymous_8)","decl":{"start":{"line":94,"column":20},"end":{"line":94,"column":21}},"loc":{"start":{"line":94,"column":28},"end":{"line":112,"column":13}},"line":94},"9":{"name":"(anonymous_9)","decl":{"start":{"line":99,"column":40},"end":{"line":99,"column":41}},"loc":{"start":{"line":99,"column":49},"end":{"line":106,"column":17}},"line":99},"10":{"name":"(anonymous_10)","decl":{"start":{"line":112,"column":21},"end":{"line":112,"column":22}},"loc":{"start":{"line":112,"column":30},"end":{"line":114,"column":13}},"line":112},"11":{"name":"(anonymous_11)","decl":{"start":{"line":117,"column":4},"end":{"line":117,"column":5}},"loc":{"start":{"line":117,"column":24},"end":{"line":130,"column":5}},"line":117},"12":{"name":"(anonymous_12)","decl":{"start":{"line":119,"column":18},"end":{"line":119,"column":19}},"loc":{"start":{"line":119,"column":29},"end":{"line":124,"column":13}},"line":119},"13":{"name":"(anonymous_13)","decl":{"start":{"line":124,"column":20},"end":{"line":124,"column":21}},"loc":{"start":{"line":124,"column":28},"end":{"line":127,"column":13}},"line":124},"14":{"name":"(anonymous_14)","decl":{"start":{"line":127,"column":21},"end":{"line":127,"column":22}},"loc":{"start":{"line":127,"column":30},"end":{"line":129,"column":13}},"line":127},"15":{"name":"(anonymous_15)","decl":{"start":{"line":131,"column":4},"end":{"line":131,"column":5}},"loc":{"start":{"line":131,"column":13},"end":{"line":155,"column":5}},"line":131},"16":{"name":"(anonymous_16)","decl":{"start":{"line":141,"column":52},"end":{"line":141,"column":53}},"loc":{"start":{"line":141,"column":65},"end":{"line":143,"column":29}},"line":141}},"branchMap":{"0":{"loc":{"start":{"line":24,"column":8},"end":{"line":26,"column":9}},"type":"if","locations":[{"start":{"line":24,"column":8},"end":{"line":26,"column":9}},{"start":{"line":24,"column":8},"end":{"line":26,"column":9}}],"line":24},"1":{"loc":{"start":{"line":41,"column":8},"end":{"line":56,"column":9}},"type":"if","locations":[{"start":{"line":41,"column":8},"end":{"line":56,"column":9}},{"start":{"line":41,"column":8},"end":{"line":56,"column":9}}],"line":41},"2":{"loc":{"start":{"line":61,"column":8},"end":{"line":67,"column":9}},"type":"if","locations":[{"start":{"line":61,"column":8},"end":{"line":67,"column":9}},{"start":{"line":61,"column":8},"end":{"line":67,"column":9}}],"line":61},"3":{"loc":{"start":{"line":68,"column":8},"end":{"line":74,"column":9}},"type":"if","locations":[{"start":{"line":68,"column":8},"end":{"line":74,"column":9}},{"start":{"line":68,"column":8},"end":{"line":74,"column":9}}],"line":68},"4":{"loc":{"start":{"line":68,"column":12},"end":{"line":68,"column":96}},"type":"binary-expr","locations":[{"start":{"line":68,"column":12},"end":{"line":68,"column":34}},{"start":{"line":68,"column":38},"end":{"line":68,"column":63}},{"start":{"line":68,"column":67},"end":{"line":68,"column":96}}],"line":68},"5":{"loc":{"start":{"line":90,"column":16},"end":{"line":92,"column":17}},"type":"if","locations":[{"start":{"line":90,"column":16},"end":{"line":92,"column":17}},{"start":{"line":90,"column":16},"end":{"line":92,"column":17}}],"line":90},"6":{"loc":{"start":{"line":100,"column":20},"end":{"line":104,"column":21}},"type":"if","locations":[{"start":{"line":100,"column":20},"end":{"line":104,"column":21}},{"start":{"line":100,"column":20},"end":{"line":104,"column":21}}],"line":100},"7":{"loc":{"start":{"line":120,"column":16},"end":{"line":122,"column":17}},"type":"if","locations":[{"start":{"line":120,"column":16},"end":{"line":122,"column":17}},{"start":{"line":120,"column":16},"end":{"line":122,"column":17}}],"line":120}},"s":{"0":0,"1":0,"2":0,"3":0,"4":0,"5":0,"6":0,"7":0,"8":0,"9":0,"10":0,"11":0,"12":0,"13":0,"14":0,"15":0,"16":0,"17":0,"18":0,"19":0,"20":0,"21":0,"22":0,"23":0,"24":0,"25":0,"26":0,"27":0,"28":0,"29":0,"30":0,"31":0,"32":0,"33":0,"34":0,"35":0,"36":0,"37":0,"38":0,"39":0,"40":0,"41":0,"42":0,"43":0,"44":0,"45":0,"46":0,"47":0,"48":0,"49":0,"50":0,"51":0,"52":0,"53":0,"54":0,"55":0,"56":0,"57":0,"58":0,"59":0,"60":0,"61":0,"62":0,"63":0,"64":0,"65":0,"66":0,"67":0},"f":{"0":0,"1":0,"2":0,"3":0,"4":0,"5":0,"6":0,"7":0,"8":0,"9":0,"10":0,"11":0,"12":0,"13":0,"14":0,"15":0,"16":0},"b":{"0":[0,0],"1":[0,0],"2":[0,0],"3":[0,0],"4":[0,0,0],"5":[0,0],"6":[0,0],"7":[0,0]},"_coverageSchema":"332fd63041d2c1bcb487cc26dd0d5f7d97098a6c","hash":"9a27d1976204bdeba08a9f001c2c544d913324f1"}
,"/Users/marcusgustafsson/dbwebb-kurser/ramverk2/me/kmom10/ramverk2-app/client/src/components/users.js": {"path":"/Users/marcusgustafsson/dbwebb-kurser/ramverk2/me/kmom10/ramverk2-app/client/src/components/users.js","statementMap":{"0":{"start":{"line":7,"column":8},"end":{"line":9,"column":53}},"1":{"start":{"line":8,"column":25},"end":{"line":8,"column":35}},"2":{"start":{"line":9,"column":27},"end":{"line":9,"column":51}},"3":{"start":{"line":13,"column":8},"end":{"line":24,"column":10}},"4":{"start":{"line":20,"column":24},"end":{"line":20,"column":62}}},"fnMap":{"0":{"name":"(anonymous_0)","decl":{"start":{"line":6,"column":4},"end":{"line":6,"column":5}},"loc":{"start":{"line":6,"column":24},"end":{"line":10,"column":5}},"line":6},"1":{"name":"(anonymous_1)","decl":{"start":{"line":8,"column":18},"end":{"line":8,"column":19}},"loc":{"start":{"line":8,"column":25},"end":{"line":8,"column":35}},"line":8},"2":{"name":"(anonymous_2)","decl":{"start":{"line":9,"column":18},"end":{"line":9,"column":19}},"loc":{"start":{"line":9,"column":27},"end":{"line":9,"column":51}},"line":9},"3":{"name":"(anonymous_3)","decl":{"start":{"line":12,"column":4},"end":{"line":12,"column":5}},"loc":{"start":{"line":12,"column":13},"end":{"line":25,"column":5}},"line":12},"4":{"name":"(anonymous_4)","decl":{"start":{"line":19,"column":42},"end":{"line":19,"column":43}},"loc":{"start":{"line":20,"column":24},"end":{"line":20,"column":62}},"line":20}},"branchMap":{},"s":{"0":0,"1":0,"2":0,"3":0,"4":0},"f":{"0":0,"1":0,"2":0,"3":0,"4":0},"b":{},"_coverageSchema":"332fd63041d2c1bcb487cc26dd0d5f7d97098a6c","hash":"23fe71f98458c0c62ac6da9a3e6cb5843ecd3983"}
}
